<?xml version="1.0" encoding="UTF-8"?>
<!-- Generated by org.testng.reporters.JUnitReportReporter -->
<testsuite hostname="TVMATP532798L" failures="0" tests="1" name="base.baseclass" time="0.016" errors="0" timestamp="2025-03-22T19:40:38 IST" skipped="0">
  <testcase classname="base.baseclass" name="property" time="0.016"/>
</testsuite> <!-- base.baseclass -->
